#
# There is insufficient memory for the Java Runtime Environment to continue.
# Native memory allocation (malloc) failed to allocate 565856 bytes for Chunk::new
# Possible reasons:
#   The system is out of physical RAM or swap space
#   The process is running with CompressedOops enabled, and the Java Heap may be blocking the growth of the native heap
# Possible solutions:
#   Reduce memory load on the system
#   Increase physical memory or swap space
#   Check if swap backing store is full
#   Decrease Java heap size (-Xmx/-Xms)
#   Decrease number of Java threads
#   Decrease Java thread stack sizes (-Xss)
#   Set larger code cache with -XX:ReservedCodeCacheSize=
#   JVM is running with Zero Based Compressed Oops mode in which the Java heap is
#     placed in the first 32GB address space. The Java Heap base address is the
#     maximum limit for the native heap growth. Please use -XX:HeapBaseMinAddress
#     to set the Java Heap base and to place the Java Heap above 32GB virtual address.
# This output file may be truncated or incomplete.
#
#  Out of Memory Error (arena.cpp:195), pid=16680, tid=2580
#
# JRE version: OpenJDK Runtime Environment (16.0.1+9) (build 16.0.1+9-24)
# Java VM: OpenJDK 64-Bit Server VM (16.0.1+9-24, mixed mode, sharing, tiered, compressed oops, compressed class ptrs, g1 gc, windows-amd64)
# No core dump will be written. Minidumps are not enabled by default on client versions of Windows
#

---------------  S U M M A R Y ------------

Command Line: -javaagent:C:\Users\oanhtt13\AppData\Local\JetBrains\IntelliJ IDEA Community Edition 2021.1.1\lib\idea_rt.jar=50298:C:\Users\oanhtt13\AppData\Local\JetBrains\IntelliJ IDEA Community Edition 2021.1.1\bin -Dfile.encoding=UTF-8 vn.techmaster.peopledata.PeopledataApplication

Host: Intel(R) Core(TM) i7-8550U CPU @ 1.80GHz, 8 cores, 15G,  Windows 10 , 64 bit Build 19041 (10.0.19041.928)
Time: Tue Jun 29 17:39:08 2021 SE Asia Standard Time elapsed time: 0.969422 seconds (0d 0h 0m 0s)

---------------  T H R E A D  ---------------

Current thread (0x000001c3707a91d0):  JavaThread "C2 CompilerThread0" daemon [_thread_in_native, id=2580, stack(0x0000003c6dd00000,0x0000003c6de00000)]


Current CompileTask:
C2:    969 1486       4       jdk.internal.loader.URLClassPath::getResource (74 bytes)

Stack: [0x0000003c6dd00000,0x0000003c6de00000]
Native frames: (J=compiled Java code, j=interpreted, Vv=VM code, C=native code)
V  [jvm.dll+0x6687ca]
V  [jvm.dll+0x7ca3c9]
V  [jvm.dll+0x7cbb53]
V  [jvm.dll+0x7cc1b3]
V  [jvm.dll+0x242ea5]
V  [jvm.dll+0xadeca]
V  [jvm.dll+0xae5ac]
V  [jvm.dll+0x35af27]
V  [jvm.dll+0x3253d1]
V  [jvm.dll+0x32487a]
V  [jvm.dll+0x215f3c]
V  [jvm.dll+0x215350]
V  [jvm.dll+0x1a1d9b]
V  [jvm.dll+0x2253a8]
V  [jvm.dll+0x2233ec]
V  [jvm.dll+0x780002]
V  [jvm.dll+0x779b4a]
V  [jvm.dll+0x667666]
C  [ucrtbase.dll+0x21bb2]
C  [KERNEL32.DLL+0x17034]
C  [ntdll.dll+0x52651]


---------------  P R O C E S S  ---------------

Threads class SMR info:
_java_thread_list=0x000001c371a98bc0, length=15, elements={
0x000001c34bb9f090, 0x000001c37078d660, 0x000001c37078ecc0, 0x000001c37079b370,
0x000001c37079ee90, 0x000001c3707a1040, 0x000001c3707a76f0, 0x000001c3707a91d0,
0x000001c3707ae470, 0x000001c3707c36b0, 0x000001c3711d2760, 0x000001c3712ee5a0,
0x000001c3714788f0, 0x000001c371472950, 0x000001c371a99870
}

Java Threads: ( => current thread )
  0x000001c34bb9f090 JavaThread "main" [_thread_in_vm, id=2860, stack(0x0000003c6d000000,0x0000003c6d100000)]
  0x000001c37078d660 JavaThread "Reference Handler" daemon [_thread_blocked, id=6724, stack(0x0000003c6d700000,0x0000003c6d800000)]
  0x000001c37078ecc0 JavaThread "Finalizer" daemon [_thread_blocked, id=15572, stack(0x0000003c6d800000,0x0000003c6d900000)]
  0x000001c37079b370 JavaThread "Signal Dispatcher" daemon [_thread_blocked, id=12780, stack(0x0000003c6d900000,0x0000003c6da00000)]
  0x000001c37079ee90 JavaThread "Attach Listener" daemon [_thread_blocked, id=14376, stack(0x0000003c6da00000,0x0000003c6db00000)]
  0x000001c3707a1040 JavaThread "Service Thread" daemon [_thread_blocked, id=11780, stack(0x0000003c6db00000,0x0000003c6dc00000)]
  0x000001c3707a76f0 JavaThread "Monitor Deflation Thread" daemon [_thread_blocked, id=14256, stack(0x0000003c6dc00000,0x0000003c6dd00000)]
=>0x000001c3707a91d0 JavaThread "C2 CompilerThread0" daemon [_thread_in_native, id=2580, stack(0x0000003c6dd00000,0x0000003c6de00000)]
  0x000001c3707ae470 JavaThread "C1 CompilerThread0" daemon [_thread_blocked, id=8928, stack(0x0000003c6de00000,0x0000003c6df00000)]
  0x000001c3707c36b0 JavaThread "Sweeper thread" daemon [_thread_blocked, id=2108, stack(0x0000003c6df00000,0x0000003c6e000000)]
  0x000001c3711d2760 JavaThread "Common-Cleaner" daemon [_thread_blocked, id=12992, stack(0x0000003c6e000000,0x0000003c6e100000)]
  0x000001c3712ee5a0 JavaThread "C2 CompilerThread1" daemon [_thread_in_native, id=14244, stack(0x0000003c6e100000,0x0000003c6e200000)]
  0x000001c3714788f0 JavaThread "Monitor Ctrl-Break" daemon [_thread_in_native, id=16872, stack(0x0000003c6e200000,0x0000003c6e300000)]
  0x000001c371472950 JavaThread "Notification Thread" daemon [_thread_blocked, id=14368, stack(0x0000003c6e300000,0x0000003c6e400000)]
  0x000001c371a99870 JavaThread "background-preinit" [_thread_in_vm, id=9416, stack(0x0000003c6eb00000,0x0000003c6ec00000)]

Other Threads:
  0x000001c370788270 VMThread "VM Thread" [stack: 0x0000003c6d600000,0x0000003c6d700000] [id=1100]
  0x000001c3712dcaf0 WatcherThread [stack: 0x0000003c6e400000,0x0000003c6e500000] [id=2632]
  0x000001c34bbf1580 GCTaskThread "GC Thread#0" [stack: 0x0000003c6d100000,0x0000003c6d200000] [id=13512]
  0x000001c371ee1150 GCTaskThread "GC Thread#1" [stack: 0x0000003c6e500000,0x0000003c6e600000] [id=10004]
  0x000001c371ed9ad0 GCTaskThread "GC Thread#2" [stack: 0x0000003c6e600000,0x0000003c6e700000] [id=11236]
  0x000001c371ed9de0 GCTaskThread "GC Thread#3" [stack: 0x0000003c6e700000,0x0000003c6e800000] [id=3644]
  0x000001c371eda570 GCTaskThread "GC Thread#4" [stack: 0x0000003c6e800000,0x0000003c6e900000] [id=2552]
  0x000001c371e674c0 GCTaskThread "GC Thread#5" [stack: 0x0000003c6e900000,0x0000003c6ea00000] [id=8960]
  0x000001c371b231b0 GCTaskThread "GC Thread#6" [stack: 0x0000003c6ea00000,0x0000003c6eb00000] [id=13844]
  0x000001c34bc02410 ConcurrentGCThread "G1 Main Marker" [stack: 0x0000003c6d200000,0x0000003c6d300000] [id=11252]
  0x000001c34bc03620 ConcurrentGCThread "G1 Conc#0" [stack: 0x0000003c6d300000,0x0000003c6d400000] [id=17404]
  0x000001c3706420c0 ConcurrentGCThread "G1 Refine#0" [stack: 0x0000003c6d400000,0x0000003c6d500000] [id=15472]
  0x000001c370642b40 ConcurrentGCThread "G1 Service" [stack: 0x0000003c6d500000,0x0000003c6d600000] [id=13556]

Threads with active compile tasks:
C2 CompilerThread0     1005 1486       4       jdk.internal.loader.URLClassPath::getResource (74 bytes)
C2 CompilerThread1     1005 1456       4       org.springframework.boot.context.properties.source.ConfigurationPropertyName$ElementsParser::parse (234 bytes)

VM state: not at safepoint (normal execution)

VM Mutex/Monitor currently owned by a thread:  ([mutex/lock_event])
[0x000001c34bb9a250] MetaspaceExpand_lock - owner thread: 0x000001c371a99870

Heap address: 0x0000000701a00000, size: 4070 MB, Compressed Oops mode: Zero based, Oop shift amount: 3

CDS archive(s) mapped at: [0x0000000800000000-0x0000000800bb0000-0x0000000800bb0000), size 12255232, SharedBaseAddress: 0x0000000800000000, ArchiveRelocationMode: 0.
Compressed class space mapped at: 0x0000000800c00000-0x0000000840c00000, reserved size: 1073741824
Narrow klass base: 0x0000000800000000, Narrow klass shift: 3, Narrow klass range: 0x100000000

GC Precious Log:
 CPUs: 8 total, 8 available
 Memory: 16279M
 Large Page Support: Disabled
 NUMA Support: Disabled
 Compressed Oops: Enabled (Zero based)
 Heap Region Size: 2M
 Heap Min Capacity: 8M
 Heap Initial Capacity: 256M
 Heap Max Capacity: 4070M
 Pre-touch: Disabled
 Parallel Workers: 8
 Concurrent Workers: 2
 Concurrent Refinement Workers: 8
 Periodic GC: Disabled

Heap:
 garbage-first heap   total 262144K, used 21267K [0x0000000701a00000, 0x0000000800000000)
  region size 2048K, 11 young (22528K), 2 survivors (4096K)
 Metaspace       used 11009K, committed 11200K, reserved 1064960K
  class space    used 1289K, committed 1408K, reserved 1048576K

Heap Regions: E=young(eden), S=young(survivor), O=old, HS=humongous(starts), HC=humongous(continues), CS=collection set, F=free, OA=open archive, CA=closed archive, TAMS=top-at-mark-start (previous, next)
|   0|0x0000000701a00000, 0x0000000701ac4c00, 0x0000000701c00000| 38%| O|  |TAMS 0x0000000701a00000, 0x0000000701a00000| Untracked 
|   1|0x0000000701c00000, 0x0000000701c00000, 0x0000000701e00000|  0%| F|  |TAMS 0x0000000701c00000, 0x0000000701c00000| Untracked 
|   2|0x0000000701e00000, 0x0000000701e00000, 0x0000000702000000|  0%| F|  |TAMS 0x0000000701e00000, 0x0000000701e00000| Untracked 
|   3|0x0000000702000000, 0x0000000702000000, 0x0000000702200000|  0%| F|  |TAMS 0x0000000702000000, 0x0000000702000000| Untracked 
|   4|0x0000000702200000, 0x0000000702200000, 0x0000000702400000|  0%| F|  |TAMS 0x0000000702200000, 0x0000000702200000| Untracked 
|   5|0x0000000702400000, 0x0000000702400000, 0x0000000702600000|  0%| F|  |TAMS 0x0000000702400000, 0x0000000702400000| Untracked 
|   6|0x0000000702600000, 0x0000000702600000, 0x0000000702800000|  0%| F|  |TAMS 0x0000000702600000, 0x0000000702600000| Untracked 
|   7|0x0000000702800000, 0x0000000702800000, 0x0000000702a00000|  0%| F|  |TAMS 0x0000000702800000, 0x0000000702800000| Untracked 
|   8|0x0000000702a00000, 0x0000000702a00000, 0x0000000702c00000|  0%| F|  |TAMS 0x0000000702a00000, 0x0000000702a00000| Untracked 
|   9|0x0000000702c00000, 0x0000000702c00000, 0x0000000702e00000|  0%| F|  |TAMS 0x0000000702c00000, 0x0000000702c00000| Untracked 
|  10|0x0000000702e00000, 0x0000000702e00000, 0x0000000703000000|  0%| F|  |TAMS 0x0000000702e00000, 0x0000000702e00000| Untracked 
|  11|0x0000000703000000, 0x0000000703000000, 0x0000000703200000|  0%| F|  |TAMS 0x0000000703000000, 0x0000000703000000| Untracked 
|  12|0x0000000703200000, 0x0000000703200000, 0x0000000703400000|  0%| F|  |TAMS 0x0000000703200000, 0x0000000703200000| Untracked 
|  13|0x0000000703400000, 0x0000000703400000, 0x0000000703600000|  0%| F|  |TAMS 0x0000000703400000, 0x0000000703400000| Untracked 
|  14|0x0000000703600000, 0x0000000703600000, 0x0000000703800000|  0%| F|  |TAMS 0x0000000703600000, 0x0000000703600000| Untracked 
|  15|0x0000000703800000, 0x0000000703800000, 0x0000000703a00000|  0%| F|  |TAMS 0x0000000703800000, 0x0000000703800000| Untracked 
|  16|0x0000000703a00000, 0x0000000703a00000, 0x0000000703c00000|  0%| F|  |TAMS 0x0000000703a00000, 0x0000000703a00000| Untracked 
|  17|0x0000000703c00000, 0x0000000703c00000, 0x0000000703e00000|  0%| F|  |TAMS 0x0000000703c00000, 0x0000000703c00000| Untracked 
|  18|0x0000000703e00000, 0x0000000703e00000, 0x0000000704000000|  0%| F|  |TAMS 0x0000000703e00000, 0x0000000703e00000| Untracked 
|  19|0x0000000704000000, 0x0000000704000000, 0x0000000704200000|  0%| F|  |TAMS 0x0000000704000000, 0x0000000704000000| Untracked 
|  20|0x0000000704200000, 0x0000000704200000, 0x0000000704400000|  0%| F|  |TAMS 0x0000000704200000, 0x0000000704200000| Untracked 
|  21|0x0000000704400000, 0x0000000704400000, 0x0000000704600000|  0%| F|  |TAMS 0x0000000704400000, 0x0000000704400000| Untracked 
|  22|0x0000000704600000, 0x0000000704600000, 0x0000000704800000|  0%| F|  |TAMS 0x0000000704600000, 0x0000000704600000| Untracked 
|  23|0x0000000704800000, 0x0000000704800000, 0x0000000704a00000|  0%| F|  |TAMS 0x0000000704800000, 0x0000000704800000| Untracked 
|  24|0x0000000704a00000, 0x0000000704a00000, 0x0000000704c00000|  0%| F|  |TAMS 0x0000000704a00000, 0x0000000704a00000| Untracked 
|  25|0x0000000704c00000, 0x0000000704c00000, 0x0000000704e00000|  0%| F|  |TAMS 0x0000000704c00000, 0x0000000704c00000| Untracked 
|  26|0x0000000704e00000, 0x0000000704e00000, 0x0000000705000000|  0%| F|  |TAMS 0x0000000704e00000, 0x0000000704e00000| Untracked 
|  27|0x0000000705000000, 0x0000000705000000, 0x0000000705200000|  0%| F|  |TAMS 0x0000000705000000, 0x0000000705000000| Untracked 
|  28|0x0000000705200000, 0x0000000705200000, 0x0000000705400000|  0%| F|  |TAMS 0x0000000705200000, 0x0000000705200000| Untracked 
|  29|0x0000000705400000, 0x0000000705400000, 0x0000000705600000|  0%| F|  |TAMS 0x0000000705400000, 0x0000000705400000| Untracked 
|  30|0x0000000705600000, 0x0000000705600000, 0x0000000705800000|  0%| F|  |TAMS 0x0000000705600000, 0x0000000705600000| Untracked 
|  31|0x0000000705800000, 0x0000000705800000, 0x0000000705a00000|  0%| F|  |TAMS 0x0000000705800000, 0x0000000705800000| Untracked 
|  32|0x0000000705a00000, 0x0000000705a00000, 0x0000000705c00000|  0%| F|  |TAMS 0x0000000705a00000, 0x0000000705a00000| Untracked 
|  33|0x0000000705c00000, 0x0000000705c00000, 0x0000000705e00000|  0%| F|  |TAMS 0x0000000705c00000, 0x0000000705c00000| Untracked 
|  34|0x0000000705e00000, 0x0000000705e00000, 0x0000000706000000|  0%| F|  |TAMS 0x0000000705e00000, 0x0000000705e00000| Untracked 
|  35|0x0000000706000000, 0x0000000706000000, 0x0000000706200000|  0%| F|  |TAMS 0x0000000706000000, 0x0000000706000000| Untracked 
|  36|0x0000000706200000, 0x0000000706200000, 0x0000000706400000|  0%| F|  |TAMS 0x0000000706200000, 0x0000000706200000| Untracked 
|  37|0x0000000706400000, 0x0000000706400000, 0x0000000706600000|  0%| F|  |TAMS 0x0000000706400000, 0x0000000706400000| Untracked 
|  38|0x0000000706600000, 0x0000000706600000, 0x0000000706800000|  0%| F|  |TAMS 0x0000000706600000, 0x0000000706600000| Untracked 
|  39|0x0000000706800000, 0x0000000706800000, 0x0000000706a00000|  0%| F|  |TAMS 0x0000000706800000, 0x0000000706800000| Untracked 
|  40|0x0000000706a00000, 0x0000000706a00000, 0x0000000706c00000|  0%| F|  |TAMS 0x0000000706a00000, 0x0000000706a00000| Untracked 
|  41|0x0000000706c00000, 0x0000000706c00000, 0x0000000706e00000|  0%| F|  |TAMS 0x0000000706c00000, 0x0000000706c00000| Untracked 
|  42|0x0000000706e00000, 0x0000000706e00000, 0x0000000707000000|  0%| F|  |TAMS 0x0000000706e00000, 0x0000000706e00000| Untracked 
|  43|0x0000000707000000, 0x0000000707000000, 0x0000000707200000|  0%| F|  |TAMS 0x0000000707000000, 0x0000000707000000| Untracked 
|  44|0x0000000707200000, 0x0000000707200000, 0x0000000707400000|  0%| F|  |TAMS 0x0000000707200000, 0x0000000707200000| Untracked 
|  45|0x0000000707400000, 0x0000000707400000, 0x0000000707600000|  0%| F|  |TAMS 0x0000000707400000, 0x0000000707400000| Untracked 
|  46|0x0000000707600000, 0x0000000707600000, 0x0000000707800000|  0%| F|  |TAMS 0x0000000707600000, 0x0000000707600000| Untracked 
|  47|0x0000000707800000, 0x0000000707800000, 0x0000000707a00000|  0%| F|  |TAMS 0x0000000707800000, 0x0000000707800000| Untracked 
|  48|0x0000000707a00000, 0x0000000707a00000, 0x0000000707c00000|  0%| F|  |TAMS 0x0000000707a00000, 0x0000000707a00000| Untracked 
|  49|0x0000000707c00000, 0x0000000707c00000, 0x0000000707e00000|  0%| F|  |TAMS 0x0000000707c00000, 0x0000000707c00000| Untracked 
|  50|0x0000000707e00000, 0x0000000707e00000, 0x0000000708000000|  0%| F|  |TAMS 0x0000000707e00000, 0x0000000707e00000| Untracked 
|  51|0x0000000708000000, 0x0000000708000000, 0x0000000708200000|  0%| F|  |TAMS 0x0000000708000000, 0x0000000708000000| Untracked 
|  52|0x0000000708200000, 0x0000000708200000, 0x0000000708400000|  0%| F|  |TAMS 0x0000000708200000, 0x0000000708200000| Untracked 
|  53|0x0000000708400000, 0x0000000708400000, 0x0000000708600000|  0%| F|  |TAMS 0x0000000708400000, 0x0000000708400000| Untracked 
|  54|0x0000000708600000, 0x0000000708600000, 0x0000000708800000|  0%| F|  |TAMS 0x0000000708600000, 0x0000000708600000| Untracked 
|  55|0x0000000708800000, 0x0000000708800000, 0x0000000708a00000|  0%| F|  |TAMS 0x0000000708800000, 0x0000000708800000| Untracked 
|  56|0x0000000708a00000, 0x0000000708a00000, 0x0000000708c00000|  0%| F|  |TAMS 0x0000000708a00000, 0x0000000708a00000| Untracked 
|  57|0x0000000708c00000, 0x0000000708c00000, 0x0000000708e00000|  0%| F|  |TAMS 0x0000000708c00000, 0x0000000708c00000| Untracked 
|  58|0x0000000708e00000, 0x0000000708e00000, 0x0000000709000000|  0%| F|  |TAMS 0x0000000708e00000, 0x0000000708e00000| Untracked 
|  59|0x0000000709000000, 0x0000000709000000, 0x0000000709200000|  0%| F|  |TAMS 0x0000000709000000, 0x0000000709000000| Untracked 
|  60|0x0000000709200000, 0x0000000709200000, 0x0000000709400000|  0%| F|  |TAMS 0x0000000709200000, 0x0000000709200000| Untracked 
|  61|0x0000000709400000, 0x0000000709400000, 0x0000000709600000|  0%| F|  |TAMS 0x0000000709400000, 0x0000000709400000| Untracked 
|  62|0x0000000709600000, 0x0000000709600000, 0x0000000709800000|  0%| F|  |TAMS 0x0000000709600000, 0x0000000709600000| Untracked 
|  63|0x0000000709800000, 0x0000000709800000, 0x0000000709a00000|  0%| F|  |TAMS 0x0000000709800000, 0x0000000709800000| Untracked 
|  64|0x0000000709a00000, 0x0000000709a00000, 0x0000000709c00000|  0%| F|  |TAMS 0x0000000709a00000, 0x0000000709a00000| Untracked 
|  65|0x0000000709c00000, 0x0000000709c00000, 0x0000000709e00000|  0%| F|  |TAMS 0x0000000709c00000, 0x0000000709c00000| Untracked 
|  66|0x0000000709e00000, 0x0000000709e00000, 0x000000070a000000|  0%| F|  |TAMS 0x0000000709e00000, 0x0000000709e00000| Untracked 
|  67|0x000000070a000000, 0x000000070a000000, 0x000000070a200000|  0%| F|  |TAMS 0x000000070a000000, 0x000000070a000000| Untracked 
|  68|0x000000070a200000, 0x000000070a200000, 0x000000070a400000|  0%| F|  |TAMS 0x000000070a200000, 0x000000070a200000| Untracked 
|  69|0x000000070a400000, 0x000000070a400000, 0x000000070a600000|  0%| F|  |TAMS 0x000000070a400000, 0x000000070a400000| Untracked 
|  70|0x000000070a600000, 0x000000070a600000, 0x000000070a800000|  0%| F|  |TAMS 0x000000070a600000, 0x000000070a600000| Untracked 
|  71|0x000000070a800000, 0x000000070a800000, 0x000000070aa00000|  0%| F|  |TAMS 0x000000070a800000, 0x000000070a800000| Untracked 
|  72|0x000000070aa00000, 0x000000070aa00000, 0x000000070ac00000|  0%| F|  |TAMS 0x000000070aa00000, 0x000000070aa00000| Untracked 
|  73|0x000000070ac00000, 0x000000070ac00000, 0x000000070ae00000|  0%| F|  |TAMS 0x000000070ac00000, 0x000000070ac00000| Untracked 
|  74|0x000000070ae00000, 0x000000070ae00000, 0x000000070b000000|  0%| F|  |TAMS 0x000000070ae00000, 0x000000070ae00000| Untracked 
|  75|0x000000070b000000, 0x000000070b000000, 0x000000070b200000|  0%| F|  |TAMS 0x000000070b000000, 0x000000070b000000| Untracked 
|  76|0x000000070b200000, 0x000000070b200000, 0x000000070b400000|  0%| F|  |TAMS 0x000000070b200000, 0x000000070b200000| Untracked 
|  77|0x000000070b400000, 0x000000070b400000, 0x000000070b600000|  0%| F|  |TAMS 0x000000070b400000, 0x000000070b400000| Untracked 
|  78|0x000000070b600000, 0x000000070b600000, 0x000000070b800000|  0%| F|  |TAMS 0x000000070b600000, 0x000000070b600000| Untracked 
|  79|0x000000070b800000, 0x000000070b800000, 0x000000070ba00000|  0%| F|  |TAMS 0x000000070b800000, 0x000000070b800000| Untracked 
|  80|0x000000070ba00000, 0x000000070ba00000, 0x000000070bc00000|  0%| F|  |TAMS 0x000000070ba00000, 0x000000070ba00000| Untracked 
|  81|0x000000070bc00000, 0x000000070bc00000, 0x000000070be00000|  0%| F|  |TAMS 0x000000070bc00000, 0x000000070bc00000| Untracked 
|  82|0x000000070be00000, 0x000000070be00000, 0x000000070c000000|  0%| F|  |TAMS 0x000000070be00000, 0x000000070be00000| Untracked 
|  83|0x000000070c000000, 0x000000070c000000, 0x000000070c200000|  0%| F|  |TAMS 0x000000070c000000, 0x000000070c000000| Untracked 
|  84|0x000000070c200000, 0x000000070c200000, 0x000000070c400000|  0%| F|  |TAMS 0x000000070c200000, 0x000000070c200000| Untracked 
|  85|0x000000070c400000, 0x000000070c400000, 0x000000070c600000|  0%| F|  |TAMS 0x000000070c400000, 0x000000070c400000| Untracked 
|  86|0x000000070c600000, 0x000000070c600000, 0x000000070c800000|  0%| F|  |TAMS 0x000000070c600000, 0x000000070c600000| Untracked 
|  87|0x000000070c800000, 0x000000070c800000, 0x000000070ca00000|  0%| F|  |TAMS 0x000000070c800000, 0x000000070c800000| Untracked 
|  88|0x000000070ca00000, 0x000000070ca00000, 0x000000070cc00000|  0%| F|  |TAMS 0x000000070ca00000, 0x000000070ca00000| Untracked 
|  89|0x000000070cc00000, 0x000000070cc00000, 0x000000070ce00000|  0%| F|  |TAMS 0x000000070cc00000, 0x000000070cc00000| Untracked 
|  90|0x000000070ce00000, 0x000000070ce00000, 0x000000070d000000|  0%| F|  |TAMS 0x000000070ce00000, 0x000000070ce00000| Untracked 
|  91|0x000000070d000000, 0x000000070d000000, 0x000000070d200000|  0%| F|  |TAMS 0x000000070d000000, 0x000000070d000000| Untracked 
|  92|0x000000070d200000, 0x000000070d200000, 0x000000070d400000|  0%| F|  |TAMS 0x000000070d200000, 0x000000070d200000| Untracked 
|  93|0x000000070d400000, 0x000000070d400000, 0x000000070d600000|  0%| F|  |TAMS 0x000000070d400000, 0x000000070d400000| Untracked 
|  94|0x000000070d600000, 0x000000070d600000, 0x000000070d800000|  0%| F|  |TAMS 0x000000070d600000, 0x000000070d600000| Untracked 
|  95|0x000000070d800000, 0x000000070d800000, 0x000000070da00000|  0%| F|  |TAMS 0x000000070d800000, 0x000000070d800000| Untracked 
|  96|0x000000070da00000, 0x000000070da00000, 0x000000070dc00000|  0%| F|  |TAMS 0x000000070da00000, 0x000000070da00000| Untracked 
|  97|0x000000070dc00000, 0x000000070dc00000, 0x000000070de00000|  0%| F|  |TAMS 0x000000070dc00000, 0x000000070dc00000| Untracked 
|  98|0x000000070de00000, 0x000000070de00000, 0x000000070e000000|  0%| F|  |TAMS 0x000000070de00000, 0x000000070de00000| Untracked 
|  99|0x000000070e000000, 0x000000070e000000, 0x000000070e200000|  0%| F|  |TAMS 0x000000070e000000, 0x000000070e000000| Untracked 
| 100|0x000000070e200000, 0x000000070e200000, 0x000000070e400000|  0%| F|  |TAMS 0x000000070e200000, 0x000000070e200000| Untracked 
| 101|0x000000070e400000, 0x000000070e400000, 0x000000070e600000|  0%| F|  |TAMS 0x000000070e400000, 0x000000070e400000| Untracked 
| 102|0x000000070e600000, 0x000000070e600000, 0x000000070e800000|  0%| F|  |TAMS 0x000000070e600000, 0x000000070e600000| Untracked 
| 103|0x000000070e800000, 0x000000070e800000, 0x000000070ea00000|  0%| F|  |TAMS 0x000000070e800000, 0x000000070e800000| Untracked 
| 104|0x000000070ea00000, 0x000000070ea00000, 0x000000070ec00000|  0%| F|  |TAMS 0x000000070ea00000, 0x000000070ea00000| Untracked 
| 105|0x000000070ec00000, 0x000000070ec00000, 0x000000070ee00000|  0%| F|  |TAMS 0x000000070ec00000, 0x000000070ec00000| Untracked 
| 106|0x000000070ee00000, 0x000000070ee00000, 0x000000070f000000|  0%| F|  |TAMS 0x000000070ee00000, 0x000000070ee00000| Untracked 
| 107|0x000000070f000000, 0x000000070f000000, 0x000000070f200000|  0%| F|  |TAMS 0x000000070f000000, 0x000000070f000000| Untracked 
| 108|0x000000070f200000, 0x000000070f200000, 0x000000070f400000|  0%| F|  |TAMS 0x000000070f200000, 0x000000070f200000| Untracked 
| 109|0x000000070f400000, 0x000000070f400000, 0x000000070f600000|  0%| F|  |TAMS 0x000000070f400000, 0x000000070f400000| Untracked 
| 110|0x000000070f600000, 0x000000070f600000, 0x000000070f800000|  0%| F|  |TAMS 0x000000070f600000, 0x000000070f600000| Untracked 
| 111|0x000000070f800000, 0x000000070f800000, 0x000000070fa00000|  0%| F|  |TAMS 0x000000070f800000, 0x000000070f800000| Untracked 
| 112|0x000000070fa00000, 0x000000070fa00000, 0x000000070fc00000|  0%| F|  |TAMS 0x000000070fa00000, 0x000000070fa00000| Untracked 
| 113|0x000000070fc00000, 0x000000070fc00000, 0x000000070fe00000|  0%| F|  |TAMS 0x000000070fc00000, 0x000000070fc00000| Untracked 
| 114|0x000000070fe00000, 0x000000070fe00000, 0x0000000710000000|  0%| F|  |TAMS 0x000000070fe00000, 0x000000070fe00000| Untracked 
| 115|0x0000000710000000, 0x0000000710200000, 0x0000000710200000|100%| S|CS|TAMS 0x0000000710000000, 0x0000000710000000| Complete 
| 116|0x0000000710200000, 0x0000000710400000, 0x0000000710400000|100%| S|CS|TAMS 0x0000000710200000, 0x0000000710200000| Complete 
| 117|0x0000000710400000, 0x0000000710400000, 0x0000000710600000|  0%| F|  |TAMS 0x0000000710400000, 0x0000000710400000| Untracked 
| 118|0x0000000710600000, 0x0000000710600000, 0x0000000710800000|  0%| F|  |TAMS 0x0000000710600000, 0x0000000710600000| Untracked 
| 119|0x0000000710800000, 0x0000000710978ec8, 0x0000000710a00000| 73%| E|  |TAMS 0x0000000710800000, 0x0000000710800000| Complete 
| 120|0x0000000710a00000, 0x0000000710c00000, 0x0000000710c00000|100%| E|CS|TAMS 0x0000000710a00000, 0x0000000710a00000| Complete 
| 121|0x0000000710c00000, 0x0000000710e00000, 0x0000000710e00000|100%| E|CS|TAMS 0x0000000710c00000, 0x0000000710c00000| Complete 
| 122|0x0000000710e00000, 0x0000000711000000, 0x0000000711000000|100%| E|CS|TAMS 0x0000000710e00000, 0x0000000710e00000| Complete 
| 123|0x0000000711000000, 0x0000000711200000, 0x0000000711200000|100%| E|CS|TAMS 0x0000000711000000, 0x0000000711000000| Complete 
| 124|0x0000000711200000, 0x0000000711400000, 0x0000000711400000|100%| E|CS|TAMS 0x0000000711200000, 0x0000000711200000| Complete 
| 125|0x0000000711400000, 0x0000000711600000, 0x0000000711600000|100%| E|CS|TAMS 0x0000000711400000, 0x0000000711400000| Complete 
| 126|0x0000000711600000, 0x0000000711800000, 0x0000000711800000|100%| E|CS|TAMS 0x0000000711600000, 0x0000000711600000| Complete 
| 127|0x0000000711800000, 0x0000000711a00000, 0x0000000711a00000|100%| E|CS|TAMS 0x0000000711800000, 0x0000000711800000| Complete 

Card table byte_map: [0x000001c364d90000,0x000001c365590000] _byte_map_base: 0x000001c361583000

Marking Bits (Prev, Next): (CMBitMap*) 0x000001c34bbf1bf0, (CMBitMap*) 0x000001c34bbf1c30
 Prev Bits: [0x000001c365d90000, 0x000001c369d28000)
 Next Bits: [0x000001c369d30000, 0x000001c36dcc8000)

Polling page: 0x000001c34bc80000

Metaspace:

Usage:
  Non-class:      9.49 MB used.
      Class:      1.26 MB used.
       Both:     10.75 MB used.

Virtual space:
  Non-class space:       16.00 MB reserved,       9.56 MB ( 60%) committed,  2 nodes.
      Class space:        1.00 GB reserved,       1.38 MB ( <1%) committed,  1 nodes.
              Both:        1.02 GB reserved,      10.94 MB (  1%) committed. 

Chunk freelists:
   Non-Class:  1.92 MB
       Class:  2.55 MB
        Both:  4.47 MB

MaxMetaspaceSize: 17179869184.00 GB
CompressedClassSpaceSize: 1.00 GB
 - commit_granule_bytes: 65536.
 - commit_granule_words: 8192.
 - virtual_space_node_default_size: 1048576.
 - enlarge_chunks_in_place: 1.
 - new_chunks_are_fully_committed: 0.
 - uncommit_free_chunks: 1.
 - use_allocation_guard: 0.
 - handle_deallocations: 1.


Internal statistics:

num_allocs_failed_limit: 0.
num_arena_births: 162.
num_arena_deaths: 0.
num_vsnodes_births: 3.
num_vsnodes_deaths: 0.
num_space_committed: 175.
num_space_uncommitted: 0.
num_chunks_returned_to_freelist: 0.
num_chunks_taken_from_freelist: 475.
num_chunk_merges: 0.
num_chunk_splits: 333.
num_chunks_enlarged: 264.
num_purges: 0.

CodeHeap 'non-profiled nmethods': size=120000Kb used=526Kb max_used=526Kb free=119473Kb
 bounds [0x000001c35c5f0000, 0x000001c35c860000, 0x000001c363b20000]
CodeHeap 'profiled nmethods': size=120000Kb used=2710Kb max_used=2710Kb free=117289Kb
 bounds [0x000001c3550c0000, 0x000001c355370000, 0x000001c35c5f0000]
CodeHeap 'non-nmethods': size=5760Kb used=1197Kb max_used=1223Kb free=4563Kb
 bounds [0x000001c354b20000, 0x000001c354d90000, 0x000001c3550c0000]
 total_blobs=2009 nmethods=1523 adapters=398
 compilation: enabled
              stopped_count=0, restarted_count=0
 full_count=0

Compilation events (20 events):
Event: 0.960 Thread 0x000001c3707ae470 1497       3       java.lang.invoke.MethodHandleNatives::findMethodHandleType (7 bytes)
Event: 0.960 Thread 0x000001c3707ae470 nmethod 1497 0x000001c355356e90 code [0x000001c355357040, 0x000001c355357168]
Event: 0.961 Thread 0x000001c3707ae470 1498       3       org.springframework.util.ConcurrentReferenceHashMap$Segment::createReferenceArray (5 bytes)
Event: 0.961 Thread 0x000001c3707ae470 nmethod 1498 0x000001c355357210 code [0x000001c3553573a0, 0x000001c355357558]
Event: 0.962 Thread 0x000001c3707ae470 1499       3       java.lang.invoke.MethodHandles$Lookup$ClassFile::<init> (20 bytes)
Event: 0.962 Thread 0x000001c3707ae470 nmethod 1499 0x000001c355357610 code [0x000001c3553577c0, 0x000001c3553579f8]
Event: 0.962 Thread 0x000001c3707ae470 1500       3       java.lang.invoke.MethodHandles$Lookup::makeHiddenClassDefiner (42 bytes)
Event: 0.964 Thread 0x000001c3707ae470 nmethod 1500 0x000001c355357a90 code [0x000001c355357d60, 0x000001c355358c98]
Event: 0.964 Thread 0x000001c3707ae470 1502       3       java.lang.StringBuilder::append (6 bytes)
Event: 0.964 Thread 0x000001c3707ae470 nmethod 1502 0x000001c355359190 code [0x000001c355359340, 0x000001c3553594e8]
Event: 0.964 Thread 0x000001c3707ae470 1501       3       java.lang.System$2::defineClass (21 bytes)
Event: 0.964 Thread 0x000001c3707ae470 nmethod 1501 0x000001c355359590 code [0x000001c355359740, 0x000001c3553598c8]
Event: 0.964 Thread 0x000001c3707ae470 1503       3       sun.reflect.generics.tree.ClassTypeSignature::accept (8 bytes)
Event: 0.964 Thread 0x000001c3707ae470 nmethod 1503 0x000001c355359990 code [0x000001c355359b40, 0x000001c355359ce8]
Event: 0.965 Thread 0x000001c3707ae470 1504       3       java.util.EnumSet::typeCheck (59 bytes)
Event: 0.966 Thread 0x000001c3707ae470 nmethod 1504 0x000001c355359e10 code [0x000001c35535a0c0, 0x000001c35535abd8]
Event: 0.967 Thread 0x000001c3707ae470 1505       3       org.springframework.core.ResolvableType::forClass (9 bytes)
Event: 0.967 Thread 0x000001c3707ae470 nmethod 1505 0x000001c35535b010 code [0x000001c35535b1c0, 0x000001c35535b348]
Event: 0.967 Thread 0x000001c3707ae470 1506       3       org.springframework.core.ResolvableType::<init> (47 bytes)
Event: 0.967 Thread 0x000001c3707ae470 nmethod 1506 0x000001c35535b410 code [0x000001c35535b5c0, 0x000001c35535b918]

GC Heap History (2 events):
Event: 0.734 GC heap before
{Heap before GC invocations=0 (full 0):
 garbage-first heap   total 262144K, used 22528K [0x0000000701a00000, 0x0000000800000000)
  region size 2048K, 11 young (22528K), 0 survivors (0K)
 Metaspace       used 6317K, committed 6464K, reserved 1056768K
  class space    used 725K, committed 832K, reserved 1048576K
}
Event: 0.739 GC heap after
{Heap after GC invocations=1 (full 0):
 garbage-first heap   total 262144K, used 4883K [0x0000000701a00000, 0x0000000800000000)
  region size 2048K, 2 young (4096K), 2 survivors (4096K)
 Metaspace       used 6317K, committed 6464K, reserved 1056768K
  class space    used 725K, committed 832K, reserved 1048576K
}

Deoptimization events (20 events):
Event: 0.835 Thread 0x000001c34bb9f090 DEOPT PACKING pc=0x000001c3550ffe98 sp=0x0000003c6d0fdcf0
Event: 0.835 Thread 0x000001c34bb9f090 DEOPT UNPACKING pc=0x000001c354b6dece sp=0x0000003c6d0fd1f8 mode 0
Event: 0.843 Thread 0x000001c34bb9f090 Uncommon trap: trap_request=0xffffffde fr.pc=0x000001c35c66b24c relative=0x000000000000012c
Event: 0.843 Thread 0x000001c34bb9f090 Uncommon trap: reason=class_check action=maybe_recompile pc=0x000001c35c66b24c method=jdk.internal.misc.Unsafe.allocateUninitializedArray(Ljava/lang/Class;I)Ljava/lang/Object; @ 51 c2
Event: 0.843 Thread 0x000001c34bb9f090 DEOPT PACKING pc=0x000001c35c66b24c sp=0x0000003c6d0fd830
Event: 0.843 Thread 0x000001c34bb9f090 DEOPT UNPACKING pc=0x000001c354b6d72e sp=0x0000003c6d0fd7b8 mode 2
Event: 0.843 Thread 0x000001c34bb9f090 Uncommon trap: trap_request=0xffffffde fr.pc=0x000001c35c66b24c relative=0x000000000000012c
Event: 0.843 Thread 0x000001c34bb9f090 Uncommon trap: reason=class_check action=maybe_recompile pc=0x000001c35c66b24c method=jdk.internal.misc.Unsafe.allocateUninitializedArray(Ljava/lang/Class;I)Ljava/lang/Object; @ 51 c2
Event: 0.843 Thread 0x000001c34bb9f090 DEOPT PACKING pc=0x000001c35c66b24c sp=0x0000003c6d0fdc30
Event: 0.843 Thread 0x000001c34bb9f090 DEOPT UNPACKING pc=0x000001c354b6d72e sp=0x0000003c6d0fdbb8 mode 2
Event: 0.843 Thread 0x000001c34bb9f090 Uncommon trap: trap_request=0xffffffde fr.pc=0x000001c35c66b24c relative=0x000000000000012c
Event: 0.843 Thread 0x000001c34bb9f090 Uncommon trap: reason=class_check action=maybe_recompile pc=0x000001c35c66b24c method=jdk.internal.misc.Unsafe.allocateUninitializedArray(Ljava/lang/Class;I)Ljava/lang/Object; @ 51 c2
Event: 0.843 Thread 0x000001c34bb9f090 DEOPT PACKING pc=0x000001c35c66b24c sp=0x0000003c6d0fd830
Event: 0.843 Thread 0x000001c34bb9f090 DEOPT UNPACKING pc=0x000001c354b6d72e sp=0x0000003c6d0fd7b8 mode 2
Event: 0.843 Thread 0x000001c34bb9f090 Uncommon trap: trap_request=0xffffffde fr.pc=0x000001c35c66b24c relative=0x000000000000012c
Event: 0.843 Thread 0x000001c34bb9f090 Uncommon trap: reason=class_check action=maybe_recompile pc=0x000001c35c66b24c method=jdk.internal.misc.Unsafe.allocateUninitializedArray(Ljava/lang/Class;I)Ljava/lang/Object; @ 51 c2
Event: 0.843 Thread 0x000001c34bb9f090 DEOPT PACKING pc=0x000001c35c66b24c sp=0x0000003c6d0fc220
Event: 0.843 Thread 0x000001c34bb9f090 DEOPT UNPACKING pc=0x000001c354b6d72e sp=0x0000003c6d0fc1a8 mode 2
Event: 0.883 Thread 0x000001c371a99870 DEOPT PACKING pc=0x000001c3551b2a70 sp=0x0000003c6ebfd0d0
Event: 0.883 Thread 0x000001c371a99870 DEOPT UNPACKING pc=0x000001c354b6dece sp=0x0000003c6ebfc530 mode 0

Classes unloaded (0 events):
No events

Classes redefined (0 events):
No events

Internal exceptions (20 events):
Event: 0.677 Thread 0x000001c34bb9f090 Exception <a 'java/lang/NoSuchMethodError'{0x000000071072a288}: 'int java.lang.invoke.DirectMethodHandle$Holder.invokeSpecial(java.lang.Object, java.lang.Object, java.lang.Object, java.lang.Object)'> (0x000000071072a288) 
thrown [t:\workspace\open\src\hotspot\share\interpreter\linkResolver.cpp, line 790]
Event: 0.707 Thread 0x000001c34bb9f090 Exception <a 'java/lang/NoSuchMethodError'{0x00000007104a1b88}: 'java.lang.Object java.lang.invoke.DirectMethodHandle$Holder.newInvokeSpecial(java.lang.Object, java.lang.Object, java.lang.Object, java.lang.Object, java.lang.Object, java.lang.Object)'> (0x00000007104a1b88) 
thrown [t:\workspace\open\src\hotspot\share\interpreter\linkResolver.cpp, line 790]
Event: 0.721 Thread 0x000001c34bb9f090 Exception <a 'java/lang/NoSuchMethodError'{0x000000071054ff20}: 'java.lang.Object java.lang.invoke.DirectMethodHandle$Holder.invokeSpecial(java.lang.Object, java.lang.Object, java.lang.Object, java.lang.Object, java.lang.Object, java.lang.Object, int)'> (0x000000071054ff20) 
thrown [t:\workspace\open\src\hotspot\share\interpreter\linkResolver.cpp, line 790]
Event: 0.722 Thread 0x000001c34bb9f090 Exception <a 'java/lang/NoSuchMethodError'{0x000000071055b2f8}: 'java.lang.Object java.lang.invoke.DirectMethodHandle$Holder.newInvokeSpecial(java.lang.Object, java.lang.Object, java.lang.Object, java.lang.Object, java.lang.Object, java.lang.Object, int)'> (0x000000071055b2f8) 
thrown [t:\workspace\open\src\hotspot\share\interpreter\linkResolver.cpp, line 790]
Event: 0.722 Thread 0x000001c34bb9f090 Exception <a 'java/lang/NoSuchMethodError'{0x0000000710560450}: 'java.lang.Object java.lang.invoke.DirectMethodHandle$Holder.invokeSpecial(java.lang.Object, java.lang.Object, java.lang.Object, java.lang.Object, java.lang.Object, java.lang.Object, java.lang.Object, int)'> (0x0000000710560450) 
thrown [t:\workspace\open\src\hotspot\share\interpreter\linkResolver.cpp, line 790]
Event: 0.754 Thread 0x000001c34bb9f090 Exception <a 'java/lang/NoSuchMethodError'{0x0000000711874e58}: 'int java.lang.invoke.DirectMethodHandle$Holder.invokeInterface(java.lang.Object, java.lang.Object)'> (0x0000000711874e58) 
thrown [t:\workspace\open\src\hotspot\share\interpreter\linkResolver.cpp, line 790]
Event: 0.766 Thread 0x000001c34bb9f090 Exception <a 'java/lang/NoSuchMethodError'{0x0000000711901c60}: 'java.lang.Object java.lang.invoke.DirectMethodHandle$Holder.invokeSpecial(java.lang.Object, java.lang.Object, java.lang.Object, int, java.lang.Object)'> (0x0000000711901c60) 
thrown [t:\workspace\open\src\hotspot\share\interpreter\linkResolver.cpp, line 790]
Event: 0.767 Thread 0x000001c34bb9f090 Exception <a 'java/lang/NoSuchMethodError'{0x000000071190f2b8}: 'java.lang.Object java.lang.invoke.DirectMethodHandle$Holder.newInvokeSpecial(java.lang.Object, java.lang.Object, java.lang.Object, int, java.lang.Object)'> (0x000000071190f2b8) 
thrown [t:\workspace\open\src\hotspot\share\interpreter\linkResolver.cpp, line 790]
Event: 0.768 Thread 0x000001c34bb9f090 Exception <a 'java/lang/NoSuchMethodError'{0x0000000711916fa0}: 'java.lang.Object java.lang.invoke.Invokers$Holder.linkToTargetMethod(java.lang.Object, java.lang.Object, int, java.lang.Object, java.lang.Object)'> (0x0000000711916fa0) 
thrown [t:\workspace\open\src\hotspot\share\interpreter\linkResolver.cpp, line 790]
Event: 0.769 Thread 0x000001c34bb9f090 Exception <a 'java/lang/NoSuchMethodError'{0x000000071192bb80}: 'java.lang.Object java.lang.invoke.DirectMethodHandle$Holder.newInvokeSpecial(java.lang.Object, int, java.lang.Object)'> (0x000000071192bb80) 
thrown [t:\workspace\open\src\hotspot\share\interpreter\linkResolver.cpp, line 790]
Event: 0.770 Thread 0x000001c34bb9f090 Exception <a 'java/lang/NoSuchMethodError'{0x0000000711930a08}: 'int java.lang.invoke.DirectMethodHandle$Holder.invokeSpecialIFC(java.lang.Object, java.lang.Object, java.lang.Object, java.lang.Object)'> (0x0000000711930a08) 
thrown [t:\workspace\open\src\hotspot\share\interpreter\linkResolver.cpp, line 790]
Event: 0.783 Thread 0x000001c34bb9f090 Exception <a 'java/lang/NoSuchMethodError'{0x0000000711628288}: 'java.lang.Object java.lang.invoke.DirectMethodHandle$Holder.invokeInterface(java.lang.Object, java.lang.Object)'> (0x0000000711628288) 
thrown [t:\workspace\open\src\hotspot\share\interpreter\linkResolver.cpp, line 790]
Event: 0.786 Thread 0x000001c34bb9f090 Exception <a 'java/lang/NoSuchMethodError'{0x0000000711638698}: 'void java.lang.invoke.DirectMethodHandle$Holder.invokeInterface(java.lang.Object, java.lang.Object, java.lang.Object)'> (0x0000000711638698) 
thrown [t:\workspace\open\src\hotspot\share\interpreter\linkResolver.cpp, line 790]
Event: 0.801 Thread 0x000001c34bb9f090 Exception <a 'java/lang/NoSuchMethodError'{0x00000007116bafa8}: 'void java.lang.invoke.DirectMethodHandle$Holder.invokeStaticInit(java.lang.Object, java.lang.Object)'> (0x00000007116bafa8) 
thrown [t:\workspace\open\src\hotspot\share\interpreter\linkResolver.cpp, line 790]
Event: 0.803 Thread 0x000001c34bb9f090 Exception <a 'java/lang/NoSuchMethodError'{0x00000007116c79a8}: 'void java.lang.invoke.DirectMethodHandle$Holder.invokeStaticInit(java.lang.Object, java.lang.Object, java.lang.Object)'> (0x00000007116c79a8) 
thrown [t:\workspace\open\src\hotspot\share\interpreter\linkResolver.cpp, line 790]
Event: 0.814 Thread 0x000001c34bb9f090 Exception <a 'java/lang/NoSuchMethodError'{0x00000007116e9778}: 'java.lang.Object java.lang.invoke.DirectMethodHandle$Holder.invokeStaticInit(java.lang.Object, java.lang.Object, java.lang.Object)'> (0x00000007116e9778) 
thrown [t:\workspace\open\src\hotspot\share\interpreter\linkResolver.cpp, line 790]
Event: 0.838 Thread 0x000001c34bb9f090 Exception <a 'java/lang/NoSuchMethodError'{0x0000000711781370}: 'void java.lang.invoke.DirectMethodHandle$Holder.invokeVirtual(java.lang.Object, java.lang.Object, java.lang.Object, java.lang.Object)'> (0x0000000711781370) 
thrown [t:\workspace\open\src\hotspot\share\interpreter\linkResolver.cpp, line 790]
Event: 0.865 Thread 0x000001c34bb9f090 Exception <a 'java/lang/NoSuchMethodError'{0x00000007114bfad8}: 'void java.lang.invoke.DirectMethodHandle$Holder.invokeSpecial(java.lang.Object, java.lang.Object, java.lang.Object, java.lang.Object, java.lang.Object)'> (0x00000007114bfad8) 
thrown [t:\workspace\open\src\hotspot\share\interpreter\linkResolver.cpp, line 790]
Event: 0.871 Thread 0x000001c371a99870 Exception <a 'java/lang/NoClassDefFoundError'{0x000000071153ed18}: javax/validation/Validation> (0x000000071153ed18) 
thrown [t:\workspace\open\src\hotspot\share\classfile\systemDictionary.cpp, line 245]
Event: 0.898 Thread 0x000001c371a99870 Exception <a 'java/lang/NoSuchMethodError'{0x00000007113d9190}: 'java.lang.Object java.lang.invoke.DirectMethodHandle$Holder.invokeStaticInit(java.lang.Object, java.lang.Object, java.lang.Object, java.lang.Object, java.lang.Object)'> (0x00000007113d9190) 
thrown [t:\workspace\open\src\hotspot\share\interpreter\linkResolver.cpp, line 790]

Events (20 events):
Event: 0.916 loading class com/sun/org/apache/xalan/internal/utils/XMLSecurityPropertyManager$Property
Event: 0.916 loading class com/sun/org/apache/xalan/internal/utils/XMLSecurityPropertyManager$Property done
Event: 0.916 loading class com/sun/org/apache/xalan/internal/utils/XMLSecurityManager
Event: 0.916 loading class com/sun/org/apache/xalan/internal/utils/XMLSecurityManager done
Event: 0.916 loading class com/sun/org/apache/xalan/internal/utils/XMLSecurityManager$Limit
Event: 0.916 loading class com/sun/org/apache/xalan/internal/utils/XMLSecurityManager$Limit done
Event: 0.916 loading class com/sun/org/apache/xalan/internal/utils/XMLSecurityManager$State
Event: 0.916 loading class com/sun/org/apache/xalan/internal/utils/XMLSecurityManager$State done
Event: 0.916 loading class com/sun/org/apache/xalan/internal/utils/XMLSecurityManager$NameMap
Event: 0.917 loading class com/sun/org/apache/xalan/internal/utils/XMLSecurityManager$NameMap done
Event: 0.925 loading class java/io/NotSerializableException
Event: 0.925 loading class java/io/ObjectStreamException
Event: 0.925 loading class java/io/ObjectStreamException done
Event: 0.925 loading class java/io/NotSerializableException done
Event: 0.941 loading class java/lang/CloneNotSupportedException
Event: 0.941 loading class java/lang/CloneNotSupportedException done
Event: 0.963 loading class java/beans/Transient
Event: 0.963 loading class java/beans/Transient done
Event: 0.963 loading class java/beans/ConstructorProperties
Event: 0.963 loading class java/beans/ConstructorProperties done


Dynamic libraries:
0x00007ff6e15d0000 - 0x00007ff6e15de000 	C:\Users\oanhtt13\.jdks\openjdk-16.0.1\bin\java.exe
0x00007ffc83970000 - 0x00007ffc83b65000 	C:\WINDOWS\SYSTEM32\ntdll.dll
0x00007ffc82040000 - 0x00007ffc820fd000 	C:\WINDOWS\System32\KERNEL32.DLL
0x00007ffc81600000 - 0x00007ffc818c8000 	C:\WINDOWS\System32\KERNELBASE.dll
0x00007ffc818d0000 - 0x00007ffc819d0000 	C:\WINDOWS\System32\ucrtbase.dll
0x00007ffc7b2f0000 - 0x00007ffc7b308000 	C:\Users\oanhtt13\.jdks\openjdk-16.0.1\bin\jli.dll
0x00007ffc76770000 - 0x00007ffc76789000 	C:\Users\oanhtt13\.jdks\openjdk-16.0.1\bin\VCRUNTIME140.dll
0x00007ffc82e00000 - 0x00007ffc82fa0000 	C:\WINDOWS\System32\USER32.dll
0x00007ffc813e0000 - 0x00007ffc81402000 	C:\WINDOWS\System32\win32u.dll
0x00007ffc6ec50000 - 0x00007ffc6eeea000 	C:\WINDOWS\WinSxS\amd64_microsoft.windows.common-controls_6595b64144ccf1df_6.0.19041.844_none_ca00b6081b84eb1d\COMCTL32.dll
0x00007ffc81e40000 - 0x00007ffc81e6a000 	C:\WINDOWS\System32\GDI32.dll
0x00007ffc82d00000 - 0x00007ffc82d9e000 	C:\WINDOWS\System32\msvcrt.dll
0x00007ffc814f0000 - 0x00007ffc815fb000 	C:\WINDOWS\System32\gdi32full.dll
0x00007ffc81130000 - 0x00007ffc811cd000 	C:\WINDOWS\System32\msvcp_win.dll
0x00007ffc81bf0000 - 0x00007ffc81c20000 	C:\WINDOWS\System32\IMM32.DLL
0x00007ffc7af60000 - 0x00007ffc7af6c000 	C:\Users\oanhtt13\.jdks\openjdk-16.0.1\bin\vcruntime140_1.dll
0x00007ffc6a680000 - 0x00007ffc6a711000 	C:\Users\oanhtt13\.jdks\openjdk-16.0.1\bin\msvcp140.dll
0x00007ffc40cb0000 - 0x00007ffc4185b000 	C:\Users\oanhtt13\.jdks\openjdk-16.0.1\bin\server\jvm.dll
0x00007ffc82fa0000 - 0x00007ffc8304c000 	C:\WINDOWS\System32\ADVAPI32.dll
0x00007ffc81a30000 - 0x00007ffc81acb000 	C:\WINDOWS\System32\sechost.dll
0x00007ffc81c30000 - 0x00007ffc81d5b000 	C:\WINDOWS\System32\RPCRT4.dll
0x00007ffc81e70000 - 0x00007ffc81e78000 	C:\WINDOWS\System32\PSAPI.DLL
0x00007ffc690a0000 - 0x00007ffc690c7000 	C:\WINDOWS\SYSTEM32\WINMM.dll
0x00007ffc7cae0000 - 0x00007ffc7cae9000 	C:\WINDOWS\SYSTEM32\WSOCK32.dll
0x00007ffc75ee0000 - 0x00007ffc75eea000 	C:\WINDOWS\SYSTEM32\VERSION.dll
0x00007ffc82620000 - 0x00007ffc8268b000 	C:\WINDOWS\System32\ws2_32.DLL
0x00007ffc7f8f0000 - 0x00007ffc7f902000 	C:\WINDOWS\SYSTEM32\kernel.appcore.dll
0x00007ffc778e0000 - 0x00007ffc778ea000 	C:\Users\oanhtt13\.jdks\openjdk-16.0.1\bin\jimage.dll
0x00007ffc7edf0000 - 0x00007ffc7efd4000 	C:\WINDOWS\SYSTEM32\DBGHELP.DLL
0x00007ffc75830000 - 0x00007ffc7585c000 	C:\WINDOWS\SYSTEM32\dbgcore.DLL
0x00007ffc81470000 - 0x00007ffc814f0000 	C:\WINDOWS\System32\bcryptPrimitives.dll
0x00007ffc76fa0000 - 0x00007ffc76fae000 	C:\Users\oanhtt13\.jdks\openjdk-16.0.1\bin\instrument.dll
0x00007ffc6a7f0000 - 0x00007ffc6a815000 	C:\Users\oanhtt13\.jdks\openjdk-16.0.1\bin\java.dll
0x00007ffc83130000 - 0x00007ffc83872000 	C:\WINDOWS\System32\SHELL32.dll
0x00007ffc7efe0000 - 0x00007ffc7f770000 	C:\WINDOWS\SYSTEM32\windows.storage.dll
0x00007ffc822c0000 - 0x00007ffc82615000 	C:\WINDOWS\System32\combase.dll
0x00007ffc80b20000 - 0x00007ffc80b4c000 	C:\WINDOWS\SYSTEM32\Wldp.dll
0x00007ffc83880000 - 0x00007ffc8392e000 	C:\WINDOWS\System32\SHCORE.dll
0x00007ffc819d0000 - 0x00007ffc81a25000 	C:\WINDOWS\System32\shlwapi.dll
0x00007ffc80ff0000 - 0x00007ffc8100f000 	C:\WINDOWS\SYSTEM32\profapi.dll
0x00007ffc6a7b0000 - 0x00007ffc6a7c8000 	C:\Users\oanhtt13\.jdks\openjdk-16.0.1\bin\zip.dll
0x00007ffc6f8c0000 - 0x00007ffc6f8d9000 	C:\Users\oanhtt13\.jdks\openjdk-16.0.1\bin\net.dll
0x00007ffc80140000 - 0x00007ffc8024b000 	C:\WINDOWS\SYSTEM32\WINHTTP.dll
0x00007ffc80890000 - 0x00007ffc808fa000 	C:\WINDOWS\system32\mswsock.dll
0x00007ffc6a7d0000 - 0x00007ffc6a7e3000 	C:\Users\oanhtt13\.jdks\openjdk-16.0.1\bin\nio.dll
0x00007ffc67a60000 - 0x00007ffc67a7a000 	C:\Users\oanhtt13\AppData\Local\JetBrains\IntelliJ IDEA Community Edition 2021.1.1\bin\breakgen64.dll
0x00007ffc736b0000 - 0x00007ffc736c0000 	C:\Users\oanhtt13\.jdks\openjdk-16.0.1\bin\verify.dll
0x00007ffc71940000 - 0x00007ffc71949000 	C:\Users\oanhtt13\.jdks\openjdk-16.0.1\bin\management.dll
0x00007ffc6f960000 - 0x00007ffc6f96b000 	C:\Users\oanhtt13\.jdks\openjdk-16.0.1\bin\management_ext.dll
0x00007ffc686b0000 - 0x00007ffc686c7000 	C:\WINDOWS\system32\napinsp.dll
0x00007ffc67b70000 - 0x00007ffc67b8b000 	C:\WINDOWS\system32\pnrpnsp.dll
0x00007ffc7b5e0000 - 0x00007ffc7b5f5000 	C:\WINDOWS\system32\wshbth.dll
0x00007ffc77370000 - 0x00007ffc7738d000 	C:\WINDOWS\system32\NLAapi.dll
0x00007ffc80530000 - 0x00007ffc8056b000 	C:\WINDOWS\SYSTEM32\IPHLPAPI.DLL
0x00007ffc80570000 - 0x00007ffc8063c000 	C:\WINDOWS\SYSTEM32\DNSAPI.dll
0x00007ffc81c20000 - 0x00007ffc81c28000 	C:\WINDOWS\System32\NSI.dll
0x00007ffc68760000 - 0x00007ffc68772000 	C:\WINDOWS\System32\winrnr.dll
0x00007ffc75e30000 - 0x00007ffc75e3a000 	C:\Windows\System32\rasadhlp.dll
0x00007ffc7c0a0000 - 0x00007ffc7c11f000 	C:\WINDOWS\System32\fwpuclnt.dll
0x00007ffc810b0000 - 0x00007ffc810d7000 	C:\WINDOWS\System32\bcrypt.dll

dbghelp: loaded successfully - version: 4.0.5 - missing functions: none
symbol engine: initialized successfully - sym options: 0x614 - pdb path: .;C:\Users\oanhtt13\.jdks\openjdk-16.0.1\bin;C:\WINDOWS\SYSTEM32;C:\WINDOWS\WinSxS\amd64_microsoft.windows.common-controls_6595b64144ccf1df_6.0.19041.844_none_ca00b6081b84eb1d;C:\Users\oanhtt13\.jdks\openjdk-16.0.1\bin\server;C:\Users\oanhtt13\AppData\Local\JetBrains\IntelliJ IDEA Community Edition 2021.1.1\bin

VM Arguments:
jvm_args: -javaagent:C:\Users\oanhtt13\AppData\Local\JetBrains\IntelliJ IDEA Community Edition 2021.1.1\lib\idea_rt.jar=50298:C:\Users\oanhtt13\AppData\Local\JetBrains\IntelliJ IDEA Community Edition 2021.1.1\bin -Dfile.encoding=UTF-8 
java_command: vn.techmaster.peopledata.PeopledataApplication
java_class_path (initial): C:\Users\oanhtt13\IdeaProjects\peopledata\target\classes;C:\Users\oanhtt13\.m2\repository\org\springframework\boot\spring-boot-starter-web\2.5.1\spring-boot-starter-web-2.5.1.jar;C:\Users\oanhtt13\.m2\repository\org\springframework\boot\spring-boot-starter\2.5.1\spring-boot-starter-2.5.1.jar;C:\Users\oanhtt13\.m2\repository\org\springframework\boot\spring-boot\2.5.1\spring-boot-2.5.1.jar;C:\Users\oanhtt13\.m2\repository\org\springframework\boot\spring-boot-autoconfigure\2.5.1\spring-boot-autoconfigure-2.5.1.jar;C:\Users\oanhtt13\.m2\repository\org\springframework\boot\spring-boot-starter-logging\2.5.1\spring-boot-starter-logging-2.5.1.jar;C:\Users\oanhtt13\.m2\repository\ch\qos\logback\logback-classic\1.2.3\logback-classic-1.2.3.jar;C:\Users\oanhtt13\.m2\repository\ch\qos\logback\logback-core\1.2.3\logback-core-1.2.3.jar;C:\Users\oanhtt13\.m2\repository\org\apache\logging\log4j\log4j-to-slf4j\2.14.1\log4j-to-slf4j-2.14.1.jar;C:\Users\oanhtt13\.m2\repository\org\apache\logging\log4j\log4j-api\2.14.1\log4j-api-2.14.1.jar;C:\Users\oanhtt13\.m2\repository\org\slf4j\jul-to-slf4j\1.7.30\jul-to-slf4j-1.7.30.jar;C:\Users\oanhtt13\.m2\repository\jakarta\annotation\jakarta.annotation-api\1.3.5\jakarta.annotation-api-1.3.5.jar;C:\Users\oanhtt13\.m2\repository\org\yaml\snakeyaml\1.28\snakeyaml-1.28.jar;C:\Users\oanhtt13\.m2\repository\org\springframework\boot\spring-boot-starter-json\2.5.1\spring-boot-starter-json-2.5.1.jar;C:\Users\oanhtt13\.m2\repository\com\fasterxml\jackson\datatype\jackson-datatype-jdk8\2.12.3\jackson-datatype-jdk8-2.12.3.jar;C:\Users\oanhtt13\.m2\repository\com\fasterxml\jackson\module\jackson-module-parameter-names\2.12.3\jackson-module-parameter-names-2.12.3.jar;C:\Users\oanhtt13\.m2\repository\org\springframework\boot\spring-boot-starter-tomcat\2.5.1\spring-boot-starter-tomcat-2.5.1.jar;C:\Users\oanhtt13\.m2\repository\org\apache\tomcat\embed\tomcat-embed-core\9.0.46\tomcat-embed-core-9.0.46.jar;C:\Users\oanhtt13\.m2\reposi
Launcher Type: SUN_STANDARD

[Global flags]
     intx CICompilerCount                          = 4                                         {product} {ergonomic}
     uint ConcGCThreads                            = 2                                         {product} {ergonomic}
     uint G1ConcRefinementThreads                  = 8                                         {product} {ergonomic}
   size_t G1HeapRegionSize                         = 2097152                                   {product} {ergonomic}
    uintx GCDrainStackTargetSize                   = 64                                        {product} {ergonomic}
   size_t InitialHeapSize                          = 268435456                                 {product} {ergonomic}
   size_t MarkStackSize                            = 4194304                                   {product} {ergonomic}
   size_t MaxHeapSize                              = 4267704320                                {product} {ergonomic}
   size_t MaxNewSize                               = 2560622592                                {product} {ergonomic}
   size_t MinHeapDeltaBytes                        = 2097152                                   {product} {ergonomic}
   size_t MinHeapSize                              = 8388608                                   {product} {ergonomic}
    uintx NonNMethodCodeHeapSize                   = 5839372                                {pd product} {ergonomic}
    uintx NonProfiledCodeHeapSize                  = 122909434                              {pd product} {ergonomic}
    uintx ProfiledCodeHeapSize                     = 122909434                              {pd product} {ergonomic}
    uintx ReservedCodeCacheSize                    = 251658240                              {pd product} {ergonomic}
     bool SegmentedCodeCache                       = true                                      {product} {ergonomic}
   size_t SoftMaxHeapSize                          = 4267704320                             {manageable} {ergonomic}
     bool UseCompressedClassPointers               = true                           {product lp64_product} {ergonomic}
     bool UseCompressedOops                        = true                           {product lp64_product} {ergonomic}
     bool UseG1GC                                  = true                                      {product} {ergonomic}
     bool UseLargePagesIndividualAllocation        = false                                  {pd product} {ergonomic}

Logging:
Log output configuration:
 #0: stdout all=warning uptime,level,tags
 #1: stderr all=off uptime,level,tags

Environment Variables:
PATH=C:\Program Files (x86)\Common Files\Oracle\Java\javapath;C:\WINDOWS\system32;C:\WINDOWS;C:\WINDOWS\System32\Wbem;C:\WINDOWS\System32\WindowsPowerShell\v1.0\;C:\WINDOWS\System32\OpenSSH\;C:\Users\oanhtt13\AppData\Local\Microsoft\WindowsApps;;C:\Users\oanhtt13\AppData\Local\Programs\Microsoft VS Code\bin;C:\Users\oanhtt13\AppData\Local\JetBrains\IntelliJ IDEA 2021.1.1\bin;;C:\Users\oanhtt13\AppData\Local\Programs\Fiddler
USERNAME=oanhtt13
OS=Windows_NT
PROCESSOR_IDENTIFIER=Intel64 Family 6 Model 142 Stepping 10, GenuineIntel



---------------  S Y S T E M  ---------------

OS:
 Windows 10 , 64 bit Build 19041 (10.0.19041.928)
OS uptime: 8 days 1:18 hours

CPU: total 8 (initial active 8) (4 cores per cpu, 2 threads per core) family 6 model 142 stepping 10 microcode 0xb4, cx8, cmov, fxsr, ht, mmx, 3dnowpref, sse, sse2, sse3, ssse3, sse4.1, sse4.2, popcnt, lzcnt, tsc, tscinvbit, avx, avx2, aes, erms, clmul, bmi1, bmi2, adx, fma, vzeroupper, clflush, clflushopt

Memory: 4k page, system-wide physical 16279M (3923M free)
TotalPageFile size 16279M (AvailPageFile size 4M)
current process WorkingSet (physical memory assigned to process): 93M, peak: 93M
current process commit charge ("private bytes"): 371M, peak: 371M

vm_info: OpenJDK 64-Bit Server VM (16.0.1+9-24) for windows-amd64 JRE (16.0.1+9-24), built on Mar 26 2021 19:30:07 by "mach5one" with MS VC++ 16.7 (VS2019)

END.
