#
# There is insufficient memory for the Java Runtime Environment to continue.
# Native memory allocation (mmap) failed to map 4194304 bytes for G1 virtual space
# Possible reasons:
#   The system is out of physical RAM or swap space
#   The process is running with CompressedOops enabled, and the Java Heap may be blocking the growth of the native heap
# Possible solutions:
#   Reduce memory load on the system
#   Increase physical memory or swap space
#   Check if swap backing store is full
#   Decrease Java heap size (-Xmx/-Xms)
#   Decrease number of Java threads
#   Decrease Java thread stack sizes (-Xss)
#   Set larger code cache with -XX:ReservedCodeCacheSize=
#   JVM is running with Zero Based Compressed Oops mode in which the Java heap is
#     placed in the first 32GB address space. The Java Heap base address is the
#     maximum limit for the native heap growth. Please use -XX:HeapBaseMinAddress
#     to set the Java Heap base and to place the Java Heap above 32GB virtual address.
# This output file may be truncated or incomplete.
#
#  Out of Memory Error (os_windows.cpp:3466), pid=8020, tid=14444
#
# JRE version:  (16.0.1+9) (build )
# Java VM: OpenJDK 64-Bit Server VM (16.0.1+9-24, mixed mode, sharing, tiered, compressed oops, compressed class ptrs, g1 gc, windows-amd64)
# No core dump will be written. Minidumps are not enabled by default on client versions of Windows
#

---------------  S U M M A R Y ------------

Command Line: -javaagent:C:\Users\oanhtt13\AppData\Local\JetBrains\IntelliJ IDEA Community Edition 2021.1.1\lib\idea_rt.jar=50076:C:\Users\oanhtt13\AppData\Local\JetBrains\IntelliJ IDEA Community Edition 2021.1.1\bin -Dfile.encoding=UTF-8 vn.techmaster.peopledata.PeopledataApplication

Host: Intel(R) Core(TM) i7-8550U CPU @ 1.80GHz, 8 cores, 15G,  Windows 10 , 64 bit Build 19041 (10.0.19041.928)
Time: Tue Jun 29 17:43:11 2021 SE Asia Standard Time elapsed time: 0.013326 seconds (0d 0h 0m 0s)

---------------  T H R E A D  ---------------

Current thread (0x000001fa06623d80):  JavaThread "Unknown thread" [_thread_in_vm, id=14444, stack(0x000000ac71400000,0x000000ac71500000)]

Stack: [0x000000ac71400000,0x000000ac71500000]
Native frames: (J=compiled Java code, j=interpreted, Vv=VM code, C=native code)
V  [jvm.dll+0x6687ca]
V  [jvm.dll+0x7ca3c9]
V  [jvm.dll+0x7cbb53]
V  [jvm.dll+0x7cc1b3]
V  [jvm.dll+0x242ea5]
V  [jvm.dll+0x665589]
V  [jvm.dll+0x65a175]
V  [jvm.dll+0x2fc5ab]
V  [jvm.dll+0x3037a6]
V  [jvm.dll+0x353018]
V  [jvm.dll+0x35321f]
V  [jvm.dll+0x2d3618]
V  [jvm.dll+0x2d4854]
V  [jvm.dll+0x79ccb1]
V  [jvm.dll+0x360de1]
V  [jvm.dll+0x77a990]
V  [jvm.dll+0x3e55af]
V  [jvm.dll+0x3e7081]
C  [jli.dll+0x52fb]
C  [ucrtbase.dll+0x21bb2]
C  [KERNEL32.DLL+0x17034]
C  [ntdll.dll+0x52651]


---------------  P R O C E S S  ---------------

Threads class SMR info:
_java_thread_list=0x00007ffc417bcbb8, length=0, elements={
}

Java Threads: ( => current thread )

Other Threads:
  0x000001fa066747f0 GCTaskThread "GC Thread#0" [stack: 0x000000ac71500000,0x000000ac71600000] [id=16988]
  0x000001fa06685680 ConcurrentGCThread "G1 Main Marker" [stack: 0x000000ac71600000,0x000000ac71700000] [id=8668]
  0x000001fa06686890 ConcurrentGCThread "G1 Conc#0" [stack: 0x000000ac71700000,0x000000ac71800000] [id=13740]

[error occurred during error reporting (printing all threads), id 0xc0000005, EXCEPTION_ACCESS_VIOLATION (0xc0000005) at pc=0x00007ffc40f944d7]

VM state: not at safepoint (not fully initialized)

VM Mutex/Monitor currently owned by a thread:  ([mutex/lock_event])
[0x000001fa06620740] Heap_lock - owner thread: 0x000001fa06623d80

Heap address: 0x0000000701a00000, size: 4070 MB, Compressed Oops mode: Zero based, Oop shift amount: 3

CDS archive(s) mapped at: [0x0000000000000000-0x0000000000000000-0x0000000000000000), size 0, SharedBaseAddress: 0x0000000800000000, ArchiveRelocationMode: 0.
Narrow klass base: 0x0000000000000000, Narrow klass shift: 0, Narrow klass range: 0x0

GC Precious Log:
<Empty>

Heap:
 garbage-first heap   total 0K, used 0K [0x0000000701a00000, 0x0000000800000000)
  region size 2048K, 0 young (0K), 0 survivors (0K)

[error occurred during error reporting (printing heap information), id 0xc0000005, EXCEPTION_ACCESS_VIOLATION (0xc0000005) at pc=0x00007ffc413724ed]

GC Heap History (0 events):
No events

Deoptimization events (0 events):
No events

Classes unloaded (0 events):
No events

Classes redefined (0 events):
No events

Internal exceptions (0 events):
No events

Events (1 events):
Event: 0.009 Loaded shared library C:\Users\oanhtt13\.jdks\openjdk-16.0.1\bin\java.dll


Dynamic libraries:
0x00007ff6e15d0000 - 0x00007ff6e15de000 	C:\Users\oanhtt13\.jdks\openjdk-16.0.1\bin\java.exe
0x00007ffc83970000 - 0x00007ffc83b65000 	C:\WINDOWS\SYSTEM32\ntdll.dll
0x00007ffc82040000 - 0x00007ffc820fd000 	C:\WINDOWS\System32\KERNEL32.DLL
0x00007ffc81600000 - 0x00007ffc818c8000 	C:\WINDOWS\System32\KERNELBASE.dll
0x00007ffc7e500000 - 0x00007ffc7e590000 	C:\WINDOWS\SYSTEM32\apphelp.dll
0x00007ffc818d0000 - 0x00007ffc819d0000 	C:\WINDOWS\System32\ucrtbase.dll
0x00007ffc770a0000 - 0x00007ffc770b9000 	C:\Users\oanhtt13\.jdks\openjdk-16.0.1\bin\VCRUNTIME140.dll
0x00007ffc77080000 - 0x00007ffc77098000 	C:\Users\oanhtt13\.jdks\openjdk-16.0.1\bin\jli.dll
0x00007ffc82e00000 - 0x00007ffc82fa0000 	C:\WINDOWS\System32\USER32.dll
0x00007ffc813e0000 - 0x00007ffc81402000 	C:\WINDOWS\System32\win32u.dll
0x00007ffc6ec50000 - 0x00007ffc6eeea000 	C:\WINDOWS\WinSxS\amd64_microsoft.windows.common-controls_6595b64144ccf1df_6.0.19041.844_none_ca00b6081b84eb1d\COMCTL32.dll
0x00007ffc81e40000 - 0x00007ffc81e6a000 	C:\WINDOWS\System32\GDI32.dll
0x00007ffc82d00000 - 0x00007ffc82d9e000 	C:\WINDOWS\System32\msvcrt.dll
0x00007ffc814f0000 - 0x00007ffc815fb000 	C:\WINDOWS\System32\gdi32full.dll
0x00007ffc81130000 - 0x00007ffc811cd000 	C:\WINDOWS\System32\msvcp_win.dll
0x00007ffc81bf0000 - 0x00007ffc81c20000 	C:\WINDOWS\System32\IMM32.DLL
0x00007ffc7b2f0000 - 0x00007ffc7b2fc000 	C:\Users\oanhtt13\.jdks\openjdk-16.0.1\bin\vcruntime140_1.dll
0x00007ffc6a680000 - 0x00007ffc6a711000 	C:\Users\oanhtt13\.jdks\openjdk-16.0.1\bin\msvcp140.dll
0x00007ffc40cb0000 - 0x00007ffc4185b000 	C:\Users\oanhtt13\.jdks\openjdk-16.0.1\bin\server\jvm.dll
0x00007ffc82fa0000 - 0x00007ffc8304c000 	C:\WINDOWS\System32\ADVAPI32.dll
0x00007ffc81a30000 - 0x00007ffc81acb000 	C:\WINDOWS\System32\sechost.dll
0x00007ffc81c30000 - 0x00007ffc81d5b000 	C:\WINDOWS\System32\RPCRT4.dll
0x00007ffc81e70000 - 0x00007ffc81e78000 	C:\WINDOWS\System32\PSAPI.DLL
0x00007ffc690a0000 - 0x00007ffc690c7000 	C:\WINDOWS\SYSTEM32\WINMM.dll
0x00007ffc7cae0000 - 0x00007ffc7cae9000 	C:\WINDOWS\SYSTEM32\WSOCK32.dll
0x00007ffc75ee0000 - 0x00007ffc75eea000 	C:\WINDOWS\SYSTEM32\VERSION.dll
0x00007ffc82620000 - 0x00007ffc8268b000 	C:\WINDOWS\System32\WS2_32.dll
0x00007ffc7f8f0000 - 0x00007ffc7f902000 	C:\WINDOWS\SYSTEM32\kernel.appcore.dll
0x00007ffc7b080000 - 0x00007ffc7b08a000 	C:\Users\oanhtt13\.jdks\openjdk-16.0.1\bin\jimage.dll
0x00007ffc7edf0000 - 0x00007ffc7efd4000 	C:\WINDOWS\SYSTEM32\DBGHELP.DLL
0x00007ffc75830000 - 0x00007ffc7585c000 	C:\WINDOWS\SYSTEM32\dbgcore.DLL
0x00007ffc81470000 - 0x00007ffc814f0000 	C:\WINDOWS\System32\bcryptPrimitives.dll
0x00007ffc778e0000 - 0x00007ffc778ee000 	C:\Users\oanhtt13\.jdks\openjdk-16.0.1\bin\instrument.dll
0x00007ffc6f8b0000 - 0x00007ffc6f8d5000 	C:\Users\oanhtt13\.jdks\openjdk-16.0.1\bin\java.dll

dbghelp: loaded successfully - version: 4.0.5 - missing functions: none
symbol engine: initialized successfully - sym options: 0x614 - pdb path: .;C:\Users\oanhtt13\.jdks\openjdk-16.0.1\bin;C:\WINDOWS\SYSTEM32;C:\WINDOWS\WinSxS\amd64_microsoft.windows.common-controls_6595b64144ccf1df_6.0.19041.844_none_ca00b6081b84eb1d;C:\Users\oanhtt13\.jdks\openjdk-16.0.1\bin\server

VM Arguments:
jvm_args: -javaagent:C:\Users\oanhtt13\AppData\Local\JetBrains\IntelliJ IDEA Community Edition 2021.1.1\lib\idea_rt.jar=50076:C:\Users\oanhtt13\AppData\Local\JetBrains\IntelliJ IDEA Community Edition 2021.1.1\bin -Dfile.encoding=UTF-8 
java_command: vn.techmaster.peopledata.PeopledataApplication
java_class_path (initial): C:\Users\oanhtt13\IdeaProjects\peopledata\target\classes;C:\Users\oanhtt13\.m2\repository\org\springframework\boot\spring-boot-starter-web\2.5.1\spring-boot-starter-web-2.5.1.jar;C:\Users\oanhtt13\.m2\repository\org\springframework\boot\spring-boot-starter\2.5.1\spring-boot-starter-2.5.1.jar;C:\Users\oanhtt13\.m2\repository\org\springframework\boot\spring-boot\2.5.1\spring-boot-2.5.1.jar;C:\Users\oanhtt13\.m2\repository\org\springframework\boot\spring-boot-autoconfigure\2.5.1\spring-boot-autoconfigure-2.5.1.jar;C:\Users\oanhtt13\.m2\repository\org\springframework\boot\spring-boot-starter-logging\2.5.1\spring-boot-starter-logging-2.5.1.jar;C:\Users\oanhtt13\.m2\repository\ch\qos\logback\logback-classic\1.2.3\logback-classic-1.2.3.jar;C:\Users\oanhtt13\.m2\repository\ch\qos\logback\logback-core\1.2.3\logback-core-1.2.3.jar;C:\Users\oanhtt13\.m2\repository\org\apache\logging\log4j\log4j-to-slf4j\2.14.1\log4j-to-slf4j-2.14.1.jar;C:\Users\oanhtt13\.m2\repository\org\apache\logging\log4j\log4j-api\2.14.1\log4j-api-2.14.1.jar;C:\Users\oanhtt13\.m2\repository\org\slf4j\jul-to-slf4j\1.7.30\jul-to-slf4j-1.7.30.jar;C:\Users\oanhtt13\.m2\repository\jakarta\annotation\jakarta.annotation-api\1.3.5\jakarta.annotation-api-1.3.5.jar;C:\Users\oanhtt13\.m2\repository\org\yaml\snakeyaml\1.28\snakeyaml-1.28.jar;C:\Users\oanhtt13\.m2\repository\org\springframework\boot\spring-boot-starter-json\2.5.1\spring-boot-starter-json-2.5.1.jar;C:\Users\oanhtt13\.m2\repository\com\fasterxml\jackson\datatype\jackson-datatype-jdk8\2.12.3\jackson-datatype-jdk8-2.12.3.jar;C:\Users\oanhtt13\.m2\repository\com\fasterxml\jackson\module\jackson-module-parameter-names\2.12.3\jackson-module-parameter-names-2.12.3.jar;C:\Users\oanhtt13\.m2\repository\org\springframework\boot\spring-boot-starter-tomcat\2.5.1\spring-boot-starter-tomcat-2.5.1.jar;C:\Users\oanhtt13\.m2\repository\org\apache\tomcat\embed\tomcat-embed-core\9.0.46\tomcat-embed-core-9.0.46.jar;C:\Users\oanhtt13\.m2\reposi
Launcher Type: SUN_STANDARD

[Global flags]
     intx CICompilerCount                          = 4                                         {product} {ergonomic}
     uint ConcGCThreads                            = 2                                         {product} {ergonomic}
     uint G1ConcRefinementThreads                  = 8                                         {product} {ergonomic}
   size_t G1HeapRegionSize                         = 2097152                                   {product} {ergonomic}
    uintx GCDrainStackTargetSize                   = 64                                        {product} {ergonomic}
   size_t InitialHeapSize                          = 268435456                                 {product} {ergonomic}
   size_t MarkStackSize                            = 4194304                                   {product} {ergonomic}
   size_t MaxHeapSize                              = 4267704320                                {product} {ergonomic}
   size_t MinHeapDeltaBytes                        = 2097152                                   {product} {ergonomic}
   size_t MinHeapSize                              = 8388608                                   {product} {ergonomic}
    uintx NonNMethodCodeHeapSize                   = 5839372                                {pd product} {ergonomic}
    uintx NonProfiledCodeHeapSize                  = 122909434                              {pd product} {ergonomic}
    uintx ProfiledCodeHeapSize                     = 122909434                              {pd product} {ergonomic}
    uintx ReservedCodeCacheSize                    = 251658240                              {pd product} {ergonomic}
     bool SegmentedCodeCache                       = true                                      {product} {ergonomic}
   size_t SoftMaxHeapSize                          = 4267704320                             {manageable} {ergonomic}
     bool UseCompressedClassPointers               = true                           {product lp64_product} {ergonomic}
     bool UseCompressedOops                        = true                           {product lp64_product} {ergonomic}
     bool UseG1GC                                  = true                                      {product} {ergonomic}
     bool UseLargePagesIndividualAllocation        = false                                  {pd product} {ergonomic}

Logging:
Log output configuration:
 #0: stdout all=warning uptime,level,tags
 #1: stderr all=off uptime,level,tags

Environment Variables:
PATH=C:\Program Files (x86)\Common Files\Oracle\Java\javapath;C:\WINDOWS\system32;C:\WINDOWS;C:\WINDOWS\System32\Wbem;C:\WINDOWS\System32\WindowsPowerShell\v1.0\;C:\WINDOWS\System32\OpenSSH\;C:\Users\oanhtt13\AppData\Local\Microsoft\WindowsApps;;C:\Users\oanhtt13\AppData\Local\Programs\Microsoft VS Code\bin;C:\Users\oanhtt13\AppData\Local\JetBrains\IntelliJ IDEA 2021.1.1\bin;;C:\Users\oanhtt13\AppData\Local\Programs\Fiddler
USERNAME=oanhtt13
OS=Windows_NT
PROCESSOR_IDENTIFIER=Intel64 Family 6 Model 142 Stepping 10, GenuineIntel



---------------  S Y S T E M  ---------------

OS:
 Windows 10 , 64 bit Build 19041 (10.0.19041.928)
OS uptime: 8 days 1:22 hours

CPU: total 8 (initial active 8) (4 cores per cpu, 2 threads per core) family 6 model 142 stepping 10 microcode 0xb4, cx8, cmov, fxsr, ht, mmx, 3dnowpref, sse, sse2, sse3, ssse3, sse4.1, sse4.2, popcnt, lzcnt, tsc, tscinvbit, avx, avx2, aes, erms, clmul, bmi1, bmi2, adx, fma, vzeroupper, clflush, clflushopt

Memory: 4k page, system-wide physical 16279M (4063M free)
TotalPageFile size 16279M (AvailPageFile size 7M)
current process WorkingSet (physical memory assigned to process): 11M, peak: 11M
current process commit charge ("private bytes"): 320M, peak: 324M

vm_info: OpenJDK 64-Bit Server VM (16.0.1+9-24) for windows-amd64 JRE (16.0.1+9-24), built on Mar 26 2021 19:30:07 by "mach5one" with MS VC++ 16.7 (VS2019)

END.
